<?xml version="1.0" encoding="UTF-8"?>
<!-- Generated by org.testng.reporters.JUnitXMLReporter -->
<testsuite hostname="Rshrestha" ignored="2" name="Test" tests="6" failures="0" timestamp="2021-06-03T22:52:35 EDT" time="297.175" errors="0">
  <testcase name="signInElmTEst" time="39.391" classname="automationpractice.tests.RegressionTest2"/>
  <testcase name="signInElmTEst" time="37.797" classname="automationpractice.tests.RegressionTest2"/>
  <testcase name="signInElmTEst" time="34.517" classname="automationpractice.tests.RegressionTest2"/>
  <testcase name="signInElmTEst" time="35.055" classname="automationpractice.tests.RegressionTest2"/>
  <testcase name="signInElmTEst" time="34.951" classname="automationpractice.tests.RegressionTest2"/>
  <testcase name="signInElmTEst" time="36.466" classname="automationpractice.tests.RegressionTest2"/>
  <testcase name="HomepageTest" time="0.0" classname="automationpractice.tests.RegressionTest1">
    <ignored/>
  </testcase> <!-- HomepageTest -->
  <testcase name="LoginPage" time="0.0" classname="automationpractice.tests.RegressionTest1">
    <ignored/>
  </testcase> <!-- LoginPage -->
</testsuite> <!-- Test -->
